Determining if the pthread_create exist failed with the following output:
Change Dir: /home/chao/catkin_ws_youbot/build/CMakeFiles/CMakeTmp

Run Build Command:/usr/bin/make "cmTryCompileExec1408076916/fast"
/usr/bin/make -f CMakeFiles/cmTryCompileExec1408076916.dir/build.make CMakeFiles/cmTryCompileExec1408076916.dir/build
make[1]: 正在进入目录 `/home/chao/catkin_ws_youbot/build/CMakeFiles/CMakeTmp'
/usr/bin/cmake -E cmake_progress_report /home/chao/catkin_ws_youbot/build/CMakeFiles/CMakeTmp/CMakeFiles 1
Building C object CMakeFiles/cmTryCompileExec1408076916.dir/CheckSymbolExists.c.o
/usr/bin/cc    -o CMakeFiles/cmTryCompileExec1408076916.dir/CheckSymbolExists.c.o   -c /home/chao/catkin_ws_youbot/build/CMakeFiles/CMakeTmp/CheckSymbolExists.c
Linking C executable cmTryCompileExec1408076916
/usr/bin/cmake -E cmake_link_script CMakeFiles/cmTryCompileExec1408076916.dir/link.txt --verbose=1
/usr/bin/cc       CMakeFiles/cmTryCompileExec1408076916.dir/CheckSymbolExists.c.o  -o cmTryCompileExec1408076916 -rdynamic 
CMakeFiles/cmTryCompileExec1408076916.dir/CheckSymbolExists.c.o：在函数‘main’中：
CheckSymbolExists.c:(.text+0x16)：对‘pthread_create’未定义的引用
collect2: error: ld returned 1 exit status
make[1]: *** [cmTryCompileExec1408076916] 错误 1
make[1]:正在离开目录 `/home/chao/catkin_ws_youbot/build/CMakeFiles/CMakeTmp'
make: *** [cmTryCompileExec1408076916/fast] 错误 2

File /home/chao/catkin_ws_youbot/build/CMakeFiles/CMakeTmp/CheckSymbolExists.c:
/* */
#include <pthread.h>

int main(int argc, char** argv)
{
  (void)argv;
#ifndef pthread_create
  return ((int*)(&pthread_create))[argc];
#else
  (void)argc;
  return 0;
#endif
}

Determining if the function pthread_create exists in the pthreads failed with the following output:
Change Dir: /home/chao/catkin_ws_youbot/build/CMakeFiles/CMakeTmp

Run Build Command:/usr/bin/make "cmTryCompileExec362146228/fast"
/usr/bin/make -f CMakeFiles/cmTryCompileExec362146228.dir/build.make CMakeFiles/cmTryCompileExec362146228.dir/build
make[1]: 正在进入目录 `/home/chao/catkin_ws_youbot/build/CMakeFiles/CMakeTmp'
/usr/bin/cmake -E cmake_progress_report /home/chao/catkin_ws_youbot/build/CMakeFiles/CMakeTmp/CMakeFiles 1
Building C object CMakeFiles/cmTryCompileExec362146228.dir/CheckFunctionExists.c.o
/usr/bin/cc   -DCHECK_FUNCTION_EXISTS=pthread_create   -o CMakeFiles/cmTryCompileExec362146228.dir/CheckFunctionExists.c.o   -c /usr/share/cmake-2.8/Modules/CheckFunctionExists.c
Linking C executable cmTryCompileExec362146228
/usr/bin/cmake -E cmake_link_script CMakeFiles/cmTryCompileExec362146228.dir/link.txt --verbose=1
/usr/bin/cc   -DCHECK_FUNCTION_EXISTS=pthread_create    CMakeFiles/cmTryCompileExec362146228.dir/CheckFunctionExists.c.o  -o cmTryCompileExec362146228 -rdynamic -lpthreads 
/usr/bin/ld: 找不到 -lpthreads
collect2: error: ld returned 1 exit status
make[1]: *** [cmTryCompileExec362146228] 错误 1
make[1]:正在离开目录 `/home/chao/catkin_ws_youbot/build/CMakeFiles/CMakeTmp'
make: *** [cmTryCompileExec362146228/fast] 错误 2


